This is pdfTeX, Version 3.1415926-2.5-1.40.14 (TeX Live 2013/Debian) (format=pdflatex 2015.9.24)  11 NOV 2015 23:28
entering extended mode
 restricted \write18 enabled.
 %&-line parsing enabled.
**/home/zhi/Academic/hw-fall2015/Math/hw5/q3.tex
(/home/zhi/Academic/hw-fall2015/Math/hw5/q3.tex
LaTeX2e <2011/06/27>
Babel <3.9h> and hyphenation patterns for 78 languages loaded.

! LaTeX Error: Missing \begin{document}.

See the LaTeX manual or LaTeX Companion for explanation.
Type  H <return>  for immediate help.
 ...                                              
                                                  
l.1 \begin{equation}
                    \label{q3_1}
You're in trouble here.  Try typing  <return>  to proceed.
If that doesn't work, type  X <return>  to quit.


Overfull \hbox (20.0pt too wide) in paragraph at lines 1--1
[] 
 []

LaTeX Font Info:    External font `cmex10' loaded for size
(Font)              <7> on input line 1.
LaTeX Font Info:    External font `cmex10' loaded for size
(Font)              <5> on input line 1.

Overfull \hbox (127.23634pt too wide) detected at line 3
[]\OML/cmm/m/it/10 F\OT1/cmr/m/n/10 (\OML/cmm/m/it/10 x; y; y[]\OT1/cmr/m/n/10 
) = [][]
 []


Overfull \hbox (140.01877pt too wide) detected at line 6
[]\OML/cmm/m/it/10 F[] \OT1/cmr/m/n/10 = [][]
 []


Overfull \hbox (82.12335pt too wide) detected at line 9
[]\OML/cmm/m/it/10 F[] \OMS/cmsy/m/n/10 ^^@ [] \OT1/cmr/m/n/10 = 0
 []

Missing character: There is no I in font nullfont!
Missing character: There is no n in font nullfont!
Missing character: There is no s in font nullfont!
Missing character: There is no e in font nullfont!
Missing character: There is no r in font nullfont!
Missing character: There is no t in font nullfont!
! Undefined control sequence.
<write> ...ing: Reference `q3_1' on page \thepage 
                                                  \space undefined\on@line .
l.10 Insert \ref{q3_1}
                       and \ref{q3_2} into \ref{q3_3}.
The control sequence at the end of the top line
of your error message was never \def'ed. If you have
misspelled it (e.g., `\hobx'), type `I' and the correct
spelling (e.g., `I\hbox'). Otherwise just continue,
and I'll forget about whatever was undefined.


LaTeX Warning: Reference `q3_1' on page  undefined on input line 10.

Missing character: There is no a in font nullfont!
Missing character: There is no n in font nullfont!
Missing character: There is no d in font nullfont!
! Undefined control sequence.
<write> ...ing: Reference `q3_2' on page \thepage 
                                                  \space undefined\on@line .
l.10 Insert \ref{q3_1} and \ref{q3_2}
                                      into \ref{q3_3}.
The control sequence at the end of the top line
of your error message was never \def'ed. If you have
misspelled it (e.g., `\hobx'), type `I' and the correct
spelling (e.g., `I\hbox'). Otherwise just continue,
and I'll forget about whatever was undefined.


LaTeX Warning: Reference `q3_2' on page  undefined on input line 10.

Missing character: There is no i in font nullfont!
Missing character: There is no n in font nullfont!
Missing character: There is no t in font nullfont!
Missing character: There is no o in font nullfont!
! Undefined control sequence.
<write> ...ing: Reference `q3_3' on page \thepage 
                                                  \space undefined\on@line .
l.10 ... \ref{q3_1} and \ref{q3_2} into \ref{q3_3}
                                                  .
The control sequence at the end of the top line
of your error message was never \def'ed. If you have
misspelled it (e.g., `\hobx'), type `I' and the correct
spelling (e.g., `I\hbox'). Otherwise just continue,
and I'll forget about whatever was undefined.


LaTeX Warning: Reference `q3_3' on page  undefined on input line 10.

Missing character: There is no . in font nullfont!

Overfull \hbox (10.86105pt too wide) in paragraph at lines 9--11
 []
 []


Overfull \hbox (10.86105pt too wide) in paragraph at lines 9--11
[]
 []


Overfull \hbox (10.86105pt too wide) in paragraph at lines 9--11
[] 
 []


! LaTeX Error: Environment aligned undefined.

See the LaTeX manual or LaTeX Companion for explanation.
Type  H <return>  for immediate help.
 ...                                              
                                                  
l.12 \begin{aligned}
                    
Your command was ignored.
Type  I <command> <return>  to replace it with another command,
or  <return>  to continue without it.

! Misplaced alignment tab character &.
l.13 ...qrt{-2g}\sqrt{y_0 - y_1})(g_x + g_y y')} &
                                                  = 0\\
I can't figure out why you would want to use a tab mark
here. If you just want an ampersand, the remedy is
simple: Just type `I\&' now. But if some right brace
up above has ended a previous alignment prematurely,
you're probably due for more error messages, and you
might try typing `S' now just to see what is salvageable.

! Misplaced alignment tab character &.
l.14 ...g}}\frac{y'}{\sqrt{(y_0 - y)(1 + y'^2)}} &
                                                  = \frac{g_y \sqrt{1+y'^2}}...
I can't figure out why you would want to use a tab mark
here. If you just want an ampersand, the remedy is
simple: Just type `I\&' now. But if some right brace
up above has ended a previous alignment prematurely,
you're probably due for more error messages, and you
might try typing `S' now just to see what is salvageable.

! Misplaced alignment tab character &.
l.15 ...y_0 - y_1}} \frac{y'}{\sqrt{(1 + y'^2)}} &
                                                  = \frac{1}{\sqrt{-2g}} \fr...
I can't figure out why you would want to use a tab mark
here. If you just want an ampersand, the remedy is
simple: Just type `I\&' now. But if some right brace
up above has ended a previous alignment prematurely,
you're probably due for more error messages, and you
might try typing `S' now just to see what is salvageable.

! Misplaced alignment tab character &.
l.16 \frac{y'}{\sqrt{(1 + y'^2)}} &
                                   = \frac{g_y \sqrt{1+y'^2}}{(g_x + g_y y')}\\
I can't figure out why you would want to use a tab mark
here. If you just want an ampersand, the remedy is
simple: Just type `I\&' now. But if some right brace
up above has ended a previous alignment prematurely,
you're probably due for more error messages, and you
might try typing `S' now just to see what is salvageable.

! Misplaced alignment tab character &.
l.17 \frac{y'}{\sqrt{(1 + y'^2)}} &
                                   = \frac{g_y(1+y'^2)}{\sqrt{(1 + y'^2)}(g_...
I can't figure out why you would want to use a tab mark
here. If you just want an ampersand, the remedy is
simple: Just type `I\&' now. But if some right brace
up above has ended a previous alignment prematurely,
you're probably due for more error messages, and you
might try typing `S' now just to see what is salvageable.

! Misplaced alignment tab character &.
l.18 y' &
         = \frac{g_y(1+y'^2)}{(g_x + g_y y')}\\
I can't figure out why you would want to use a tab mark
here. If you just want an ampersand, the remedy is
simple: Just type `I\&' now. But if some right brace
up above has ended a previous alignment prematurely,
you're probably due for more error messages, and you
might try typing `S' now just to see what is salvageable.

! Misplaced alignment tab character &.
l.19 g_xy' + g_yy'^2 &
                      = g_y + g_yy'^2\\
I can't figure out why you would want to use a tab mark
here. If you just want an ampersand, the remedy is
simple: Just type `I\&' now. But if some right brace
up above has ended a previous alignment prematurely,
you're probably due for more error messages, and you
might try typing `S' now just to see what is salvageable.

! Misplaced alignment tab character &.
l.20 g_xy' &
            = g_y\\
I can't figure out why you would want to use a tab mark
here. If you just want an ampersand, the remedy is
simple: Just type `I\&' now. But if some right brace
up above has ended a previous alignment prematurely,
you're probably due for more error messages, and you
might try typing `S' now just to see what is salvageable.

! Misplaced alignment tab character &.
l.21 y' &
         = \frac{g_x}{g_y}
I can't figure out why you would want to use a tab mark
here. If you just want an ampersand, the remedy is
simple: Just type `I\&' now. But if some right brace
up above has ended a previous alignment prematurely,
you're probably due for more error messages, and you
might try typing `S' now just to see what is salvageable.


! LaTeX Error: \begin{equation} on input line 11 ended by \end{aligned}.

See the LaTeX manual or LaTeX Companion for explanation.
Type  H <return>  for immediate help.
 ...                                              
                                                  
l.22 \end{aligned}
                  
Your command was ignored.
Type  I <command> <return>  to replace it with another command,
or  <return>  to continue without it.


Overfull \hbox (1285.06944pt too wide) detected at line 23
[][] \OMS/cmsy/m/n/10 ^^@ [] \OT1/cmr/m/n/10 = 0[] [][] = [][] [][][] = [][][][
] [] = [][] [] = [][] \OML/cmm/m/it/10 y[] \OT1/cmr/m/n/10 = [][] \OML/cmm/m/it
/10 g[]y[] \OT1/cmr/m/n/10 + \OML/cmm/m/it/10 g[]y[] \OT1/cmr/m/n/10 = \OML/cmm
/m/it/10 g[] \OT1/cmr/m/n/10 + \OML/cmm/m/it/10 g[]y[][] g[]y[] \OT1/cmr/m/n/10
 = \OML/cmm/m/it/10 g[][] y[] \OT1/cmr/m/n/10 = []
 []

)
! Emergency stop.
<*> /home/zhi/Academic/hw-fall2015/Math/hw5/q3.tex
                                                  
*** (job aborted, no legal \end found)

 
Here is how much of TeX's memory you used:
 17 strings out of 493304
 361 string characters out of 6139871
 56880 words of memory out of 5000000
 3573 multiletter control sequences out of 15000+600000
 3948 words of font info for 15 fonts, out of 8000000 for 9000
 957 hyphenation exceptions out of 8191
 18i,3n,14p,219b,89s stack positions out of 5000i,500n,10000p,200000b,80000s
!  ==> Fatal error occurred, no output PDF file produced!
